Connecting to database specified by database.yml
Connecting to database specified by database.yml
  [1m[36m (0.1ms)[0m  [1mselect sqlite_version(*)[0m
  [1m[35m (150.9ms)[0m  CREATE TABLE "schema_migrations" ("version" varchar(255) NOT NULL) 
  [1m[36m (0.0ms)[0m  [1mPRAGMA index_list("schema_migrations")[0m
  [1m[35m (125.6ms)[0m  CREATE UNIQUE INDEX "unique_schema_migrations" ON "schema_migrations" ("version")
  [1m[36m (0.2ms)[0m  [1mSELECT "schema_migrations"."version" FROM "schema_migrations" [0m
Migrating to CreateProducts (20130126200118)
  [1m[35m (0.1ms)[0m  begin transaction
  [1m[36m (0.1ms)[0m  [1mrollback transaction[0m
Connecting to database specified by database.yml
Connecting to database specified by database.yml
  [1m[36m (0.1ms)[0m  [1mSELECT "schema_migrations"."version" FROM "schema_migrations" [0m
Migrating to CreateProducts (20130126200118)
  [1m[35m (0.1ms)[0m  select sqlite_version(*)
  [1m[36m (0.0ms)[0m  [1mbegin transaction[0m
  [1m[35m (12.1ms)[0m  CREATE TABLE "products" ("id" INTEGER PRIMARY KEY AUTOINCREMENT NOT NULL, "title" varchar(255), "description" text, "image_url" varchar(255), "price" decimal(8,2), "created_at" datetime NOT NULL, "updated_at" datetime NOT NULL) 
  [1m[36m (0.1ms)[0m  [1mINSERT INTO "schema_migrations" ("version") VALUES ('20130126200118')[0m
  [1m[35m (176.7ms)[0m  commit transaction
  [1m[36m (0.3ms)[0m  [1mselect sqlite_version(*)[0m
  [1m[35m (0.1ms)[0m  SELECT "schema_migrations"."version" FROM "schema_migrations" 
  [1m[36m (0.0ms)[0m  [1mPRAGMA index_list("products")[0m


Started GET "/products" for 127.0.0.1 at 2013-01-26 15:31:23 -0500
Connecting to database specified by database.yml
Processing by ProductsController#index as HTML
  [1m[36mProduct Load (0.1ms)[0m  [1mSELECT "products".* FROM "products" [0m
  Rendered products/index.html.erb within layouts/application (15.3ms)
Compiled products.css  (16ms)  (pid 3020)
Compiled scaffolds.css  (9ms)  (pid 3020)
Compiled application.css  (44ms)  (pid 3020)
Compiled jquery.js  (1ms)  (pid 3020)
Compiled jquery_ujs.js  (0ms)  (pid 3020)
Compiled products.js  (318ms)  (pid 3020)
Compiled application.js  (342ms)  (pid 3020)
Completed 200 OK in 531ms (Views: 463.3ms | ActiveRecord: 1.3ms)


Started GET "/assets/application.css?body=1" for 127.0.0.1 at 2013-01-26 15:31:24 -0500
Served asset /application.css - 200 OK (6ms)


Started GET "/assets/products.css?body=1" for 127.0.0.1 at 2013-01-26 15:31:24 -0500
Served asset /products.css - 200 OK (2ms)


Started GET "/assets/scaffolds.css?body=1" for 127.0.0.1 at 2013-01-26 15:31:24 -0500
Served asset /scaffolds.css - 200 OK (1ms)


Started GET "/assets/jquery_ujs.js?body=1" for 127.0.0.1 at 2013-01-26 15:31:24 -0500
Served asset /jquery_ujs.js - 200 OK (1ms)


Started GET "/assets/products.js?body=1" for 127.0.0.1 at 2013-01-26 15:31:24 -0500
Served asset /products.js - 200 OK (1ms)


Started GET "/assets/application.js?body=1" for 127.0.0.1 at 2013-01-26 15:31:24 -0500
Served asset /application.js - 200 OK (4ms)


Started GET "/assets/jquery.js?body=1" for 127.0.0.1 at 2013-01-26 15:31:24 -0500
Served asset /jquery.js - 200 OK (2ms)


Started GET "/products/new" for 127.0.0.1 at 2013-01-26 15:31:31 -0500
Processing by ProductsController#new as HTML
  Rendered products/_form.html.erb (47.2ms)
  Rendered products/new.html.erb within layouts/application (69.8ms)
Completed 200 OK in 100ms (Views: 94.8ms | ActiveRecord: 0.0ms)


Started POST "/products" for 127.0.0.1 at 2013-01-26 15:32:04 -0500
Processing by ProductsController#create as HTML
  Parameters: {"utf8"=>"✓", "authenticity_token"=>"KopeNpnheJZMiapqKbmX126gDS4/FJlQWX5A51t/42A=", "product"=>{"title"=>"bottles", "description"=>"of beer", "image_url"=>"asdf", "price"=>"100000"}, "commit"=>"Create Product"}
  [1m[35m (0.1ms)[0m  begin transaction
  [1m[36mSQL (29.3ms)[0m  [1mINSERT INTO "products" ("created_at", "description", "image_url", "price", "title", "updated_at") VALUES (?, ?, ?, ?, ?, ?)[0m  [["created_at", Sat, 26 Jan 2013 20:32:04 UTC +00:00], ["description", "of beer"], ["image_url", "asdf"], ["price", #<BigDecimal:ab22708,'0.1E6',9(18)>], ["title", "bottles"], ["updated_at", Sat, 26 Jan 2013 20:32:04 UTC +00:00]]
  [1m[35m (143.9ms)[0m  commit transaction
Redirected to http://localhost:3000/products/1
Completed 302 Found in 179ms (ActiveRecord: 173.3ms)


Started GET "/products/1" for 127.0.0.1 at 2013-01-26 15:32:04 -0500
Processing by ProductsController#show as HTML
  Parameters: {"id"=>"1"}
  [1m[36mProduct Load (0.6ms)[0m  [1mSELECT "products".* FROM "products" WHERE "products"."id" = ? LIMIT 1[0m  [["id", "1"]]
  Rendered products/show.html.erb within layouts/application (1.2ms)
Completed 200 OK in 24ms (Views: 18.4ms | ActiveRecord: 0.6ms)


Started GET "/products" for 127.0.0.1 at 2013-01-26 15:37:20 -0500
Connecting to database specified by database.yml
Processing by ProductsController#index as HTML
  [1m[36mProduct Load (0.1ms)[0m  [1mSELECT "products".* FROM "products" [0m
  Rendered products/index.html.erb within layouts/application (3.0ms)
Completed 200 OK in 62ms (Views: 32.2ms | ActiveRecord: 1.2ms)


Started GET "/assets/application.css?body=1" for 127.0.0.1 at 2013-01-26 15:37:21 -0500
Served asset /application.css - 304 Not Modified (3ms)


Started GET "/assets/products.js?body=1" for 127.0.0.1 at 2013-01-26 15:37:21 -0500
Served asset /products.js - 304 Not Modified (1ms)


Started GET "/assets/scaffolds.css?body=1" for 127.0.0.1 at 2013-01-26 15:37:21 -0500
Served asset /scaffolds.css - 304 Not Modified (1ms)


Started GET "/assets/products.css?body=1" for 127.0.0.1 at 2013-01-26 15:37:21 -0500
Served asset /products.css - 304 Not Modified (1ms)


Started GET "/assets/jquery_ujs.js?body=1" for 127.0.0.1 at 2013-01-26 15:37:21 -0500
Served asset /jquery_ujs.js - 304 Not Modified (1ms)


Started GET "/assets/jquery.js?body=1" for 127.0.0.1 at 2013-01-26 15:37:21 -0500
Served asset /jquery.js - 304 Not Modified (3ms)


Started GET "/assets/application.js?body=1" for 127.0.0.1 at 2013-01-26 15:37:21 -0500
Served asset /application.js - 304 Not Modified (22ms)


Started GET "/products/new" for 127.0.0.1 at 2013-01-26 15:37:22 -0500
Processing by ProductsController#new as HTML
  Rendered products/_form.html.erb (4.9ms)
  Rendered products/new.html.erb within layouts/application (7.3ms)
Completed 200 OK in 12ms (Views: 11.2ms | ActiveRecord: 0.0ms)


Started GET "/assets/application.css?body=1" for 127.0.0.1 at 2013-01-26 15:37:23 -0500
Served asset /application.css - 304 Not Modified (0ms)


Started GET "/assets/jquery.js?body=1" for 127.0.0.1 at 2013-01-26 15:37:23 -0500
Served asset /jquery.js - 304 Not Modified (6ms)


Started GET "/assets/scaffolds.css?body=1" for 127.0.0.1 at 2013-01-26 15:37:23 -0500
Served asset /scaffolds.css - 304 Not Modified (0ms)


Started GET "/assets/products.css?body=1" for 127.0.0.1 at 2013-01-26 15:37:23 -0500
Served asset /products.css - 304 Not Modified (0ms)


Started GET "/assets/jquery_ujs.js?body=1" for 127.0.0.1 at 2013-01-26 15:37:23 -0500
Served asset /jquery_ujs.js - 304 Not Modified (0ms)


Started GET "/assets/application.js?body=1" for 127.0.0.1 at 2013-01-26 15:37:23 -0500
Served asset /application.js - 304 Not Modified (1ms)


Started GET "/assets/products.js?body=1" for 127.0.0.1 at 2013-01-26 15:37:23 -0500
Served asset /products.js - 304 Not Modified (0ms)


Started GET "/products" for 127.0.0.1 at 2013-01-26 15:38:09 -0500
Connecting to database specified by database.yml
Processing by ProductsController#index as HTML
  [1m[36mProduct Load (0.1ms)[0m  [1mSELECT "products".* FROM "products" [0m
  Rendered products/index.html.erb within layouts/application (3.1ms)
Completed 200 OK in 62ms (Views: 32.8ms | ActiveRecord: 1.3ms)


Started GET "/assets/application.css?body=1" for 127.0.0.1 at 2013-01-26 15:38:09 -0500
Served asset /application.css - 304 Not Modified (6ms)


Started GET "/assets/products.css?body=1" for 127.0.0.1 at 2013-01-26 15:38:09 -0500
Served asset /products.css - 304 Not Modified (1ms)


Started GET "/assets/scaffolds.css?body=1" for 127.0.0.1 at 2013-01-26 15:38:09 -0500
Served asset /scaffolds.css - 304 Not Modified (1ms)


Started GET "/assets/jquery.js?body=1" for 127.0.0.1 at 2013-01-26 15:38:09 -0500
Served asset /jquery.js - 304 Not Modified (3ms)


Started GET "/assets/jquery_ujs.js?body=1" for 127.0.0.1 at 2013-01-26 15:38:09 -0500
Served asset /jquery_ujs.js - 304 Not Modified (2ms)


Started GET "/assets/products.js?body=1" for 127.0.0.1 at 2013-01-26 15:38:09 -0500
Served asset /products.js - 304 Not Modified (1ms)


Started GET "/assets/application.js?body=1" for 127.0.0.1 at 2013-01-26 15:38:09 -0500
Served asset /application.js - 304 Not Modified (19ms)


Started GET "/products/new" for 127.0.0.1 at 2013-01-26 15:38:13 -0500
Processing by ProductsController#new as HTML
  Rendered products/_form.html.erb (5.1ms)
  Rendered products/new.html.erb within layouts/application (8.4ms)
Completed 200 OK in 13ms (Views: 12.4ms | ActiveRecord: 0.0ms)


Started GET "/assets/application.css?body=1" for 127.0.0.1 at 2013-01-26 15:38:13 -0500
Served asset /application.css - 304 Not Modified (1ms)


Started GET "/assets/scaffolds.css?body=1" for 127.0.0.1 at 2013-01-26 15:38:13 -0500
Served asset /scaffolds.css - 304 Not Modified (0ms)


Started GET "/assets/products.css?body=1" for 127.0.0.1 at 2013-01-26 15:38:13 -0500
Served asset /products.css - 304 Not Modified (0ms)


Started GET "/assets/jquery.js?body=1" for 127.0.0.1 at 2013-01-26 15:38:13 -0500
Served asset /jquery.js - 304 Not Modified (0ms)


Started GET "/assets/jquery_ujs.js?body=1" for 127.0.0.1 at 2013-01-26 15:38:13 -0500
Served asset /jquery_ujs.js - 304 Not Modified (0ms)


Started GET "/assets/products.js?body=1" for 127.0.0.1 at 2013-01-26 15:38:13 -0500
Served asset /products.js - 304 Not Modified (0ms)


Started GET "/assets/application.js?body=1" for 127.0.0.1 at 2013-01-26 15:38:13 -0500
Served asset /application.js - 304 Not Modified (2ms)


Started POST "/products" for 127.0.0.1 at 2013-01-26 15:38:30 -0500
Processing by ProductsController#create as HTML
  Parameters: {"utf8"=>"✓", "authenticity_token"=>"zHh6vvjy91jIm2OwCzr/jeWwfAszmNQQ20PHeaRz0po=", "product"=>{"title"=>"lamp", "description"=>"shiny", "image_url"=>"lamp.jpg", "price"=>"10000000"}, "commit"=>"Create Product"}
  [1m[35m (0.1ms)[0m  begin transaction
  [1m[36mSQL (3.5ms)[0m  [1mINSERT INTO "products" ("created_at", "description", "image_url", "price", "title", "updated_at") VALUES (?, ?, ?, ?, ?, ?)[0m  [["created_at", Sat, 26 Jan 2013 20:38:30 UTC +00:00], ["description", "shiny"], ["image_url", "lamp.jpg"], ["price", #<BigDecimal:b632a184,'0.1E8',9(18)>], ["title", "lamp"], ["updated_at", Sat, 26 Jan 2013 20:38:30 UTC +00:00]]
  [1m[35m (133.5ms)[0m  commit transaction
Redirected to http://localhost:3000/products/2
Completed 302 Found in 143ms (ActiveRecord: 137.1ms)


Started GET "/products/2" for 127.0.0.1 at 2013-01-26 15:38:30 -0500
Processing by ProductsController#show as HTML
  Parameters: {"id"=>"2"}
  [1m[36mProduct Load (0.5ms)[0m  [1mSELECT "products".* FROM "products" WHERE "products"."id" = ? LIMIT 1[0m  [["id", "2"]]
  Rendered products/show.html.erb within layouts/application (3.1ms)
Completed 200 OK in 36ms (Views: 31.5ms | ActiveRecord: 0.5ms)


Started GET "/assets/application.css?body=1" for 127.0.0.1 at 2013-01-26 15:38:30 -0500
Served asset /application.css - 304 Not Modified (0ms)


Started GET "/assets/scaffolds.css?body=1" for 127.0.0.1 at 2013-01-26 15:38:30 -0500
Served asset /scaffolds.css - 304 Not Modified (1ms)


Started GET "/assets/jquery.js?body=1" for 127.0.0.1 at 2013-01-26 15:38:30 -0500
Served asset /jquery.js - 304 Not Modified (0ms)


Started GET "/assets/jquery_ujs.js?body=1" for 127.0.0.1 at 2013-01-26 15:38:30 -0500
Served asset /jquery_ujs.js - 304 Not Modified (1ms)


Started GET "/assets/products.css?body=1" for 127.0.0.1 at 2013-01-26 15:38:30 -0500
Served asset /products.css - 304 Not Modified (0ms)


Started GET "/assets/products.js?body=1" for 127.0.0.1 at 2013-01-26 15:38:30 -0500
Served asset /products.js - 304 Not Modified (0ms)


Started GET "/assets/application.js?body=1" for 127.0.0.1 at 2013-01-26 15:38:30 -0500
Served asset /application.js - 304 Not Modified (2ms)


Started GET "/products" for 127.0.0.1 at 2013-01-26 15:38:32 -0500
Processing by ProductsController#index as HTML
  [1m[35mProduct Load (0.1ms)[0m  SELECT "products".* FROM "products" 
  Rendered products/index.html.erb within layouts/application (1.3ms)
Completed 200 OK in 6ms (Views: 5.3ms | ActiveRecord: 0.1ms)


Started GET "/assets/application.css?body=1" for 127.0.0.1 at 2013-01-26 15:38:32 -0500
Served asset /application.css - 304 Not Modified (4ms)


Started GET "/assets/products.css?body=1" for 127.0.0.1 at 2013-01-26 15:38:32 -0500
Served asset /products.css - 304 Not Modified (0ms)


Started GET "/assets/scaffolds.css?body=1" for 127.0.0.1 at 2013-01-26 15:38:32 -0500
Served asset /scaffolds.css - 304 Not Modified (0ms)


Started GET "/assets/jquery.js?body=1" for 127.0.0.1 at 2013-01-26 15:38:32 -0500
Served asset /jquery.js - 304 Not Modified (0ms)


Started GET "/assets/products.js?body=1" for 127.0.0.1 at 2013-01-26 15:38:32 -0500
Served asset /products.js - 304 Not Modified (0ms)


Started GET "/assets/jquery_ujs.js?body=1" for 127.0.0.1 at 2013-01-26 15:38:32 -0500
Served asset /jquery_ujs.js - 304 Not Modified (0ms)


Started GET "/assets/application.js?body=1" for 127.0.0.1 at 2013-01-26 15:38:32 -0500
Served asset /application.js - 304 Not Modified (1ms)
